# JRE version: Java(TM) SE Runtime Environment (20.0.2+9) (build 20.0.2+9-78)
# Java VM: Java HotSpot(TM) 64-Bit Server VM (20.0.2+9-78, mixed mode, sharing, tiered, compressed oops, compressed class ptrs, g1 gc, windows-amd64)
GC Precious Log:
 CardTable entry size: 512
 Card Set container configuration: InlinePtr #cards 4 size 8 Array Of Cards #cards 16 size 48 Howl #buckets 8 coarsen threshold 3686 Howl Bitmap #cards 512 size 80 coarsen threshold 460 Card regions per heap region 1 cards per card region 4096
 CPUs: 16 total, 16 available
 Memory: 16057M
 Large Page Support: Disabled
 NUMA Support: Disabled
 Compressed Oops: Enabled (Zero based)
 Heap Region Size: 2M
 Heap Min Capacity: 8M
 Heap Initial Capacity: 252M
 Heap Max Capacity: 4016M
 Pre-touch: Disabled
 Parallel Workers: 13
 Concurrent Workers: 3
 Concurrent Refinement Workers: 13
 Periodic GC: Disabled
Heap:
 garbage-first heap   total 258048K, used 101036K [0x0000000705000000, 0x0000000800000000)
  region size 2048K, 19 young (38912K), 3 survivors (6144K)
 Metaspace       used 15043K, committed 15296K, reserved 1114112K
  class space    used 1594K, committed 1728K, reserved 1048576K
GC Heap History (8 events):
Event: 1.064 GC heap before
{Heap before GC invocations=0 (full 0):
 garbage-first heap   total 258048K, used 22528K [0x0000000705000000, 0x0000000800000000)
  region size 2048K, 11 young (22528K), 0 survivors (0K)
 Metaspace       used 11109K, committed 11392K, reserved 1114112K
  class space    used 1277K, committed 1408K, reserved 1048576K
}
Event: 1.069 GC heap after
{Heap after GC invocations=1 (full 0):
 garbage-first heap   total 258048K, used 5245K [0x0000000705000000, 0x0000000800000000)
  region size 2048K, 2 young (4096K), 2 survivors (4096K)
 Metaspace       used 11109K, committed 11392K, reserved 1114112K
  class space    used 1277K, committed 1408K, reserved 1048576K
}
Event: 9.981 GC heap before
{Heap before GC invocations=1 (full 0):
 garbage-first heap   total 258048K, used 95357K [0x0000000705000000, 0x0000000800000000)
  region size 2048K, 16 young (32768K), 2 survivors (4096K)
 Metaspace       used 13618K, committed 13888K, reserved 1114112K
  class space    used 1518K, committed 1664K, reserved 1048576K
}
Event: 9.984 GC heap after
{Heap after GC invocations=2 (full 0):
 garbage-first heap   total 258048K, used 43426K [0x0000000705000000, 0x0000000800000000)
  region size 2048K, 2 young (4096K), 2 survivors (4096K)
 Metaspace       used 13618K, committed 13888K, reserved 1114112K
  class space    used 1518K, committed 1664K, reserved 1048576K
}
Event: 35.213 GC heap before
{Heap before GC invocations=2 (full 0):
 garbage-first heap   total 258048K, used 147874K [0x0000000705000000, 0x0000000800000000)
  region size 2048K, 18 young (36864K), 2 survivors (4096K)
 Metaspace       used 14597K, committed 14912K, reserved 1114112K
  class space    used 1572K, committed 1728K, reserved 1048576K
}
Event: 35.215 GC heap after
{Heap after GC invocations=3 (full 0):
 garbage-first heap   total 258048K, used 100164K [0x0000000705000000, 0x0000000800000000)
  region size 2048K, 3 young (6144K), 3 survivors (6144K)
 Metaspace       used 14597K, committed 14912K, reserved 1114112K
  class space    used 1572K, committed 1728K, reserved 1048576K
}
Event: 36.690 GC heap before
{Heap before GC invocations=3 (full 0):
 garbage-first heap   total 258048K, used 122692K [0x0000000705000000, 0x0000000800000000)
  region size 2048K, 5 young (10240K), 3 survivors (6144K)
 Metaspace       used 14599K, committed 14912K, reserved 1114112K
  class space    used 1572K, committed 1728K, reserved 1048576K
}
Event: 36.692 GC heap after
{Heap after GC invocations=4 (full 0):
 garbage-first heap   total 258048K, used 47788K [0x0000000705000000, 0x0000000800000000)
  region size 2048K, 3 young (6144K), 3 survivors (6144K)
 Metaspace       used 14599K, committed 14912K, reserved 1114112K
  class space    used 1572K, committed 1728K, reserved 1048576K
}

